The target system is: Generic -  - 
The host system is: Linux - 4.20.8-100.fc28.x86_64 - x86_64
Compiling the C compiler identification source file "CMakeCCompilerId.c" succeeded.
Compiler: /home/gyoung/esp/xtensa-esp32-elf/bin/xtensa-esp32-elf-gcc 
Build flags: -mlongcalls
Id flags: -c 

The output was:
0


Compilation of the C compiler identification source "CMakeCCompilerId.c" produced "CMakeCCompilerId.o"

The C compiler identification is GNU, found in "/home/gyoung/src/esp32_mqtt/ssl/cmake-build-debug/CMakeFiles/3.13.2/CompilerIdC/CMakeCCompilerId.o"

Compiling the CXX compiler identification source file "CMakeCXXCompilerId.cpp" succeeded.
Compiler: /home/gyoung/esp/xtensa-esp32-elf/bin/xtensa-esp32-elf-g++ 
Build flags: -mlongcalls
Id flags: -c 

The output was:
0


Compilation of the CXX compiler identification source "CMakeCXXCompilerId.cpp" produced "CMakeCXXCompilerId.o"

The CXX compiler identification is GNU, found in "/home/gyoung/src/esp32_mqtt/ssl/cmake-build-debug/CMakeFiles/3.13.2/CompilerIdCXX/CMakeCXXCompilerId.o"

Checking whether the ASM compiler is GNU using "--version" matched "(GNU assembler)|(GCC)|(Free Software Foundation)":
xtensa-esp32-elf-gcc (crosstool-NG crosstool-ng-1.22.0-80-g6c4433a) 5.2.0
Copyright (C) 2015 Free Software Foundation, Inc.
This is free software; see the source for copying conditions.  There is NO
warranty; not even for MERCHANTABILITY or FITNESS FOR A PARTICULAR PURPOSE.

Determining if the C compiler works passed with the following output:
Change Dir: /home/gyoung/src/esp32_mqtt/ssl/cmake-build-debug/CMakeFiles/CMakeTmp

Run Build Command:"/usr/bin/gmake" "cmTC_098a0/fast"
/usr/bin/gmake -f CMakeFiles/cmTC_098a0.dir/build.make CMakeFiles/cmTC_098a0.dir/build
gmake[1]: Entering directory '/home/gyoung/src/esp32_mqtt/ssl/cmake-build-debug/CMakeFiles/CMakeTmp'
Building C object CMakeFiles/cmTC_098a0.dir/testCCompiler.c.obj
/home/gyoung/esp/xtensa-esp32-elf/bin/xtensa-esp32-elf-gcc   -mlongcalls    -o CMakeFiles/cmTC_098a0.dir/testCCompiler.c.obj   -c /home/gyoung/src/esp32_mqtt/ssl/cmake-build-debug/CMakeFiles/CMakeTmp/testCCompiler.c
Linking C executable cmTC_098a0
/home/gyoung/.local/share/JetBrains/Toolbox/apps/CLion/ch-0/183.5429.37/bin/cmake/linux/bin/cmake -E cmake_link_script CMakeFiles/cmTC_098a0.dir/link.txt --verbose=1
/home/gyoung/esp/xtensa-esp32-elf/bin/xtensa-esp32-elf-gcc -mlongcalls   -nostdlib  CMakeFiles/cmTC_098a0.dir/testCCompiler.c.obj  -o cmTC_098a0 
/home/gyoung/esp/xtensa-esp32-elf/bin/../lib/gcc/xtensa-esp32-elf/5.2.0/../../../../xtensa-esp32-elf/bin/ld: warning: cannot find entry symbol _start; defaulting to 0000000000400054
gmake[1]: Leaving directory '/home/gyoung/src/esp32_mqtt/ssl/cmake-build-debug/CMakeFiles/CMakeTmp'


Detecting C compiler ABI info compiled with the following output:
Change Dir: /home/gyoung/src/esp32_mqtt/ssl/cmake-build-debug/CMakeFiles/CMakeTmp

Run Build Command:"/usr/bin/gmake" "cmTC_2c1f0/fast"
/usr/bin/gmake -f CMakeFiles/cmTC_2c1f0.dir/build.make CMakeFiles/cmTC_2c1f0.dir/build
gmake[1]: Entering directory '/home/gyoung/src/esp32_mqtt/ssl/cmake-build-debug/CMakeFiles/CMakeTmp'
Building C object CMakeFiles/cmTC_2c1f0.dir/CMakeCCompilerABI.c.obj
/home/gyoung/esp/xtensa-esp32-elf/bin/xtensa-esp32-elf-gcc   -mlongcalls    -o CMakeFiles/cmTC_2c1f0.dir/CMakeCCompilerABI.c.obj   -c /home/gyoung/.local/share/JetBrains/Toolbox/apps/CLion/ch-0/183.5429.37/bin/cmake/linux/share/cmake-3.13/Modules/CMakeCCompilerABI.c
Linking C executable cmTC_2c1f0
/home/gyoung/.local/share/JetBrains/Toolbox/apps/CLion/ch-0/183.5429.37/bin/cmake/linux/bin/cmake -E cmake_link_script CMakeFiles/cmTC_2c1f0.dir/link.txt --verbose=1
/home/gyoung/esp/xtensa-esp32-elf/bin/xtensa-esp32-elf-gcc -mlongcalls   -nostdlib -v CMakeFiles/cmTC_2c1f0.dir/CMakeCCompilerABI.c.obj  -o cmTC_2c1f0 
Using built-in specs.
COLLECT_GCC=/home/gyoung/esp/xtensa-esp32-elf/bin/xtensa-esp32-elf-gcc
COLLECT_LTO_WRAPPER=/home/gyoung/esp/xtensa-esp32-elf/bin/../libexec/gcc/xtensa-esp32-elf/5.2.0/lto-wrapper
Target: xtensa-esp32-elf
Configured with: /builds/idf/crosstool-NG/.build/src/gcc-5.2.0/configure --build=x86_64-build_pc-linux-gnu --host=x86_64-build_pc-linux-gnu --target=xtensa-esp32-elf --prefix=/builds/idf/crosstool-NG/builds/xtensa-esp32-elf --with-local-prefix=/builds/idf/crosstool-NG/builds/xtensa-esp32-elf/xtensa-esp32-elf/sysroot --with-sysroot=/builds/idf/crosstool-NG/builds/xtensa-esp32-elf/xtensa-esp32-elf/sysroot --with-newlib --enable-threads=no --disable-shared --with-pkgversion='crosstool-NG crosstool-ng-1.22.0-80-g6c4433a' --disable-__cxa_atexit --enable-cxx-flags='-fno-rtti -ffunction-sections' --with-gmp=/builds/idf/crosstool-NG/.build/xtensa-esp32-elf/buildtools --with-mpfr=/builds/idf/crosstool-NG/.build/xtensa-esp32-elf/buildtools --with-mpc=/builds/idf/crosstool-NG/.build/xtensa-esp32-elf/buildtools --with-isl=/builds/idf/crosstool-NG/.build/xtensa-esp32-elf/buildtools --with-cloog=/builds/idf/crosstool-NG/.build/xtensa-esp32-elf/buildtools --with-libelf=/builds/idf/crosstool-NG/.build/xtensa-esp32-elf/buildtools --enable-lto --enable-target-optspace --without-long-double-128 --disable-libgomp --disable-libmudflap --disable-libssp --disable-libquadmath --disable-libquadmath-support --disable-nls --enable-languages=c,c++ --disable-libstdcxx-verbose --enable-threads=posix --enable-gcov-custom-rtio
Thread model: posix
gcc version 5.2.0 (crosstool-NG crosstool-ng-1.22.0-80-g6c4433a) 
COMPILER_PATH=/home/gyoung/esp/xtensa-esp32-elf/bin/../libexec/gcc/xtensa-esp32-elf/5.2.0/:/home/gyoung/esp/xtensa-esp32-elf/bin/../libexec/gcc/:/home/gyoung/esp/xtensa-esp32-elf/bin/../lib/gcc/xtensa-esp32-elf/5.2.0/../../../../xtensa-esp32-elf/bin/
LIBRARY_PATH=/home/gyoung/esp/xtensa-esp32-elf/bin/../lib/gcc/xtensa-esp32-elf/5.2.0/:/home/gyoung/esp/xtensa-esp32-elf/bin/../lib/gcc/:/home/gyoung/esp/xtensa-esp32-elf/bin/../lib/gcc/xtensa-esp32-elf/5.2.0/../../../../xtensa-esp32-elf/lib/:/home/gyoung/esp/xtensa-esp32-elf/bin/../xtensa-esp32-elf/sysroot/lib/:/home/gyoung/esp/xtensa-esp32-elf/bin/../xtensa-esp32-elf/sysroot/usr/lib/
COLLECT_GCC_OPTIONS='-mlongcalls' '-nostdlib' '-v' '-o' 'cmTC_2c1f0'
 /home/gyoung/esp/xtensa-esp32-elf/bin/../libexec/gcc/xtensa-esp32-elf/5.2.0/collect2 -plugin /home/gyoung/esp/xtensa-esp32-elf/bin/../libexec/gcc/xtensa-esp32-elf/5.2.0/liblto_plugin.so -plugin-opt=/home/gyoung/esp/xtensa-esp32-elf/bin/../libexec/gcc/xtensa-esp32-elf/5.2.0/lto-wrapper -plugin-opt=-fresolution=/tmp/cch64HQ2.res --sysroot=/home/gyoung/esp/xtensa-esp32-elf/bin/../xtensa-esp32-elf/sysroot -o cmTC_2c1f0 -L/home/gyoung/esp/xtensa-esp32-elf/bin/../lib/gcc/xtensa-esp32-elf/5.2.0 -L/home/gyoung/esp/xtensa-esp32-elf/bin/../lib/gcc -L/home/gyoung/esp/xtensa-esp32-elf/bin/../lib/gcc/xtensa-esp32-elf/5.2.0/../../../../xtensa-esp32-elf/lib -L/home/gyoung/esp/xtensa-esp32-elf/bin/../xtensa-esp32-elf/sysroot/lib -L/home/gyoung/esp/xtensa-esp32-elf/bin/../xtensa-esp32-elf/sysroot/usr/lib CMakeFiles/cmTC_2c1f0.dir/CMakeCCompilerABI.c.obj
/home/gyoung/esp/xtensa-esp32-elf/bin/../lib/gcc/xtensa-esp32-elf/5.2.0/../../../../xtensa-esp32-elf/bin/ld: warning: cannot find entry symbol _start; defaulting to 0000000000400074
gmake[1]: Leaving directory '/home/gyoung/src/esp32_mqtt/ssl/cmake-build-debug/CMakeFiles/CMakeTmp'


Parsed C implicit link information from above output:
  link line regex: [^( *|.*[/\])(xtensa-esp32-elf-ld|CMAKE_LINK_STARTFILE-NOTFOUND|([^/\]+-)?ld|collect2)[^/\]*( |$)]
  ignore line: [Change Dir: /home/gyoung/src/esp32_mqtt/ssl/cmake-build-debug/CMakeFiles/CMakeTmp]
  ignore line: []
  ignore line: [Run Build Command:"/usr/bin/gmake" "cmTC_2c1f0/fast"]
  ignore line: [/usr/bin/gmake -f CMakeFiles/cmTC_2c1f0.dir/build.make CMakeFiles/cmTC_2c1f0.dir/build]
  ignore line: [gmake[1]: Entering directory '/home/gyoung/src/esp32_mqtt/ssl/cmake-build-debug/CMakeFiles/CMakeTmp']
  ignore line: [Building C object CMakeFiles/cmTC_2c1f0.dir/CMakeCCompilerABI.c.obj]
  ignore line: [/home/gyoung/esp/xtensa-esp32-elf/bin/xtensa-esp32-elf-gcc   -mlongcalls    -o CMakeFiles/cmTC_2c1f0.dir/CMakeCCompilerABI.c.obj   -c /home/gyoung/.local/share/JetBrains/Toolbox/apps/CLion/ch-0/183.5429.37/bin/cmake/linux/share/cmake-3.13/Modules/CMakeCCompilerABI.c]
  ignore line: [Linking C executable cmTC_2c1f0]
  ignore line: [/home/gyoung/.local/share/JetBrains/Toolbox/apps/CLion/ch-0/183.5429.37/bin/cmake/linux/bin/cmake -E cmake_link_script CMakeFiles/cmTC_2c1f0.dir/link.txt --verbose=1]
  ignore line: [/home/gyoung/esp/xtensa-esp32-elf/bin/xtensa-esp32-elf-gcc -mlongcalls   -nostdlib -v CMakeFiles/cmTC_2c1f0.dir/CMakeCCompilerABI.c.obj  -o cmTC_2c1f0 ]
  ignore line: [Using built-in specs.]
  ignore line: [COLLECT_GCC=/home/gyoung/esp/xtensa-esp32-elf/bin/xtensa-esp32-elf-gcc]
  ignore line: [COLLECT_LTO_WRAPPER=/home/gyoung/esp/xtensa-esp32-elf/bin/../libexec/gcc/xtensa-esp32-elf/5.2.0/lto-wrapper]
  ignore line: [Target: xtensa-esp32-elf]
  ignore line: [Configured with: /builds/idf/crosstool-NG/.build/src/gcc-5.2.0/configure --build=x86_64-build_pc-linux-gnu --host=x86_64-build_pc-linux-gnu --target=xtensa-esp32-elf --prefix=/builds/idf/crosstool-NG/builds/xtensa-esp32-elf --with-local-prefix=/builds/idf/crosstool-NG/builds/xtensa-esp32-elf/xtensa-esp32-elf/sysroot --with-sysroot=/builds/idf/crosstool-NG/builds/xtensa-esp32-elf/xtensa-esp32-elf/sysroot --with-newlib --enable-threads=no --disable-shared --with-pkgversion='crosstool-NG crosstool-ng-1.22.0-80-g6c4433a' --disable-__cxa_atexit --enable-cxx-flags='-fno-rtti -ffunction-sections' --with-gmp=/builds/idf/crosstool-NG/.build/xtensa-esp32-elf/buildtools --with-mpfr=/builds/idf/crosstool-NG/.build/xtensa-esp32-elf/buildtools --with-mpc=/builds/idf/crosstool-NG/.build/xtensa-esp32-elf/buildtools --with-isl=/builds/idf/crosstool-NG/.build/xtensa-esp32-elf/buildtools --with-cloog=/builds/idf/crosstool-NG/.build/xtensa-esp32-elf/buildtools --with-libelf=/builds/idf/crosstool-NG/.build/xtensa-esp32-elf/buildtools --enable-lto --enable-target-optspace --without-long-double-128 --disable-libgomp --disable-libmudflap --disable-libssp --disable-libquadmath --disable-libquadmath-support --disable-nls --enable-languages=c,c++ --disable-libstdcxx-verbose --enable-threads=posix --enable-gcov-custom-rtio]
  ignore line: [Thread model: posix]
  ignore line: [gcc version 5.2.0 (crosstool-NG crosstool-ng-1.22.0-80-g6c4433a) ]
  ignore line: [COMPILER_PATH=/home/gyoung/esp/xtensa-esp32-elf/bin/../libexec/gcc/xtensa-esp32-elf/5.2.0/:/home/gyoung/esp/xtensa-esp32-elf/bin/../libexec/gcc/:/home/gyoung/esp/xtensa-esp32-elf/bin/../lib/gcc/xtensa-esp32-elf/5.2.0/../../../../xtensa-esp32-elf/bin/]
  ignore line: [LIBRARY_PATH=/home/gyoung/esp/xtensa-esp32-elf/bin/../lib/gcc/xtensa-esp32-elf/5.2.0/:/home/gyoung/esp/xtensa-esp32-elf/bin/../lib/gcc/:/home/gyoung/esp/xtensa-esp32-elf/bin/../lib/gcc/xtensa-esp32-elf/5.2.0/../../../../xtensa-esp32-elf/lib/:/home/gyoung/esp/xtensa-esp32-elf/bin/../xtensa-esp32-elf/sysroot/lib/:/home/gyoung/esp/xtensa-esp32-elf/bin/../xtensa-esp32-elf/sysroot/usr/lib/]
  ignore line: [COLLECT_GCC_OPTIONS='-mlongcalls' '-nostdlib' '-v' '-o' 'cmTC_2c1f0']
  link line: [ /home/gyoung/esp/xtensa-esp32-elf/bin/../libexec/gcc/xtensa-esp32-elf/5.2.0/collect2 -plugin /home/gyoung/esp/xtensa-esp32-elf/bin/../libexec/gcc/xtensa-esp32-elf/5.2.0/liblto_plugin.so -plugin-opt=/home/gyoung/esp/xtensa-esp32-elf/bin/../libexec/gcc/xtensa-esp32-elf/5.2.0/lto-wrapper -plugin-opt=-fresolution=/tmp/cch64HQ2.res --sysroot=/home/gyoung/esp/xtensa-esp32-elf/bin/../xtensa-esp32-elf/sysroot -o cmTC_2c1f0 -L/home/gyoung/esp/xtensa-esp32-elf/bin/../lib/gcc/xtensa-esp32-elf/5.2.0 -L/home/gyoung/esp/xtensa-esp32-elf/bin/../lib/gcc -L/home/gyoung/esp/xtensa-esp32-elf/bin/../lib/gcc/xtensa-esp32-elf/5.2.0/../../../../xtensa-esp32-elf/lib -L/home/gyoung/esp/xtensa-esp32-elf/bin/../xtensa-esp32-elf/sysroot/lib -L/home/gyoung/esp/xtensa-esp32-elf/bin/../xtensa-esp32-elf/sysroot/usr/lib CMakeFiles/cmTC_2c1f0.dir/CMakeCCompilerABI.c.obj]
    arg [/home/gyoung/esp/xtensa-esp32-elf/bin/../libexec/gcc/xtensa-esp32-elf/5.2.0/collect2] ==> ignore
    arg [-plugin] ==> ignore
    arg [/home/gyoung/esp/xtensa-esp32-elf/bin/../libexec/gcc/xtensa-esp32-elf/5.2.0/liblto_plugin.so] ==> ignore
    arg [-plugin-opt=/home/gyoung/esp/xtensa-esp32-elf/bin/../libexec/gcc/xtensa-esp32-elf/5.2.0/lto-wrapper] ==> ignore
    arg [-plugin-opt=-fresolution=/tmp/cch64HQ2.res] ==> ignore
    arg [--sysroot=/home/gyoung/esp/xtensa-esp32-elf/bin/../xtensa-esp32-elf/sysroot] ==> ignore
    arg [-o] ==> ignore
    arg [cmTC_2c1f0] ==> ignore
    arg [-L/home/gyoung/esp/xtensa-esp32-elf/bin/../lib/gcc/xtensa-esp32-elf/5.2.0] ==> dir [/home/gyoung/esp/xtensa-esp32-elf/bin/../lib/gcc/xtensa-esp32-elf/5.2.0]
    arg [-L/home/gyoung/esp/xtensa-esp32-elf/bin/../lib/gcc] ==> dir [/home/gyoung/esp/xtensa-esp32-elf/bin/../lib/gcc]
    arg [-L/home/gyoung/esp/xtensa-esp32-elf/bin/../lib/gcc/xtensa-esp32-elf/5.2.0/../../../../xtensa-esp32-elf/lib] ==> dir [/home/gyoung/esp/xtensa-esp32-elf/bin/../lib/gcc/xtensa-esp32-elf/5.2.0/../../../../xtensa-esp32-elf/lib]
    arg [-L/home/gyoung/esp/xtensa-esp32-elf/bin/../xtensa-esp32-elf/sysroot/lib] ==> dir [/home/gyoung/esp/xtensa-esp32-elf/bin/../xtensa-esp32-elf/sysroot/lib]
    arg [-L/home/gyoung/esp/xtensa-esp32-elf/bin/../xtensa-esp32-elf/sysroot/usr/lib] ==> dir [/home/gyoung/esp/xtensa-esp32-elf/bin/../xtensa-esp32-elf/sysroot/usr/lib]
    arg [CMakeFiles/cmTC_2c1f0.dir/CMakeCCompilerABI.c.obj] ==> ignore
  collapse library dir [/home/gyoung/esp/xtensa-esp32-elf/bin/../lib/gcc/xtensa-esp32-elf/5.2.0] ==> [/home/gyoung/esp/xtensa-esp32-elf/lib/gcc/xtensa-esp32-elf/5.2.0]
  collapse library dir [/home/gyoung/esp/xtensa-esp32-elf/bin/../lib/gcc] ==> [/home/gyoung/esp/xtensa-esp32-elf/lib/gcc]
  collapse library dir [/home/gyoung/esp/xtensa-esp32-elf/bin/../lib/gcc/xtensa-esp32-elf/5.2.0/../../../../xtensa-esp32-elf/lib] ==> [/home/gyoung/esp/xtensa-esp32-elf/xtensa-esp32-elf/lib]
  collapse library dir [/home/gyoung/esp/xtensa-esp32-elf/bin/../xtensa-esp32-elf/sysroot/lib] ==> [/home/gyoung/esp/xtensa-esp32-elf/xtensa-esp32-elf/sysroot/lib]
  collapse library dir [/home/gyoung/esp/xtensa-esp32-elf/bin/../xtensa-esp32-elf/sysroot/usr/lib] ==> [/home/gyoung/esp/xtensa-esp32-elf/xtensa-esp32-elf/sysroot/usr/lib]
  implicit libs: []
  implicit dirs: [/home/gyoung/esp/xtensa-esp32-elf/lib/gcc/xtensa-esp32-elf/5.2.0;/home/gyoung/esp/xtensa-esp32-elf/lib/gcc;/home/gyoung/esp/xtensa-esp32-elf/xtensa-esp32-elf/lib;/home/gyoung/esp/xtensa-esp32-elf/xtensa-esp32-elf/sysroot/lib;/home/gyoung/esp/xtensa-esp32-elf/xtensa-esp32-elf/sysroot/usr/lib]
  implicit fwks: []




Detecting C [-std=c11] compiler features compiled with the following output:
Change Dir: /home/gyoung/src/esp32_mqtt/ssl/cmake-build-debug/CMakeFiles/CMakeTmp

Run Build Command:"/usr/bin/gmake" "cmTC_1931f/fast"
/usr/bin/gmake -f CMakeFiles/cmTC_1931f.dir/build.make CMakeFiles/cmTC_1931f.dir/build
gmake[1]: Entering directory '/home/gyoung/src/esp32_mqtt/ssl/cmake-build-debug/CMakeFiles/CMakeTmp'
Building C object CMakeFiles/cmTC_1931f.dir/feature_tests.c.obj
/home/gyoung/esp/xtensa-esp32-elf/bin/xtensa-esp32-elf-gcc   -mlongcalls    -std=c11 -o CMakeFiles/cmTC_1931f.dir/feature_tests.c.obj   -c /home/gyoung/src/esp32_mqtt/ssl/cmake-build-debug/CMakeFiles/feature_tests.c
Linking C executable cmTC_1931f
/home/gyoung/.local/share/JetBrains/Toolbox/apps/CLion/ch-0/183.5429.37/bin/cmake/linux/bin/cmake -E cmake_link_script CMakeFiles/cmTC_1931f.dir/link.txt --verbose=1
/home/gyoung/esp/xtensa-esp32-elf/bin/xtensa-esp32-elf-gcc -mlongcalls   -nostdlib  CMakeFiles/cmTC_1931f.dir/feature_tests.c.obj  -o cmTC_1931f 
/home/gyoung/esp/xtensa-esp32-elf/bin/../lib/gcc/xtensa-esp32-elf/5.2.0/../../../../xtensa-esp32-elf/bin/ld: warning: cannot find entry symbol _start; defaulting to 0000000000400074
gmake[1]: Leaving directory '/home/gyoung/src/esp32_mqtt/ssl/cmake-build-debug/CMakeFiles/CMakeTmp'


    Feature record: C_FEATURE:1c_function_prototypes
    Feature record: C_FEATURE:1c_restrict
    Feature record: C_FEATURE:1c_static_assert
    Feature record: C_FEATURE:1c_variadic_macros


Detecting C [-std=c99] compiler features compiled with the following output:
Change Dir: /home/gyoung/src/esp32_mqtt/ssl/cmake-build-debug/CMakeFiles/CMakeTmp

Run Build Command:"/usr/bin/gmake" "cmTC_f553c/fast"
/usr/bin/gmake -f CMakeFiles/cmTC_f553c.dir/build.make CMakeFiles/cmTC_f553c.dir/build
gmake[1]: Entering directory '/home/gyoung/src/esp32_mqtt/ssl/cmake-build-debug/CMakeFiles/CMakeTmp'
Building C object CMakeFiles/cmTC_f553c.dir/feature_tests.c.obj
/home/gyoung/esp/xtensa-esp32-elf/bin/xtensa-esp32-elf-gcc   -mlongcalls    -std=c99 -o CMakeFiles/cmTC_f553c.dir/feature_tests.c.obj   -c /home/gyoung/src/esp32_mqtt/ssl/cmake-build-debug/CMakeFiles/feature_tests.c
Linking C executable cmTC_f553c
/home/gyoung/.local/share/JetBrains/Toolbox/apps/CLion/ch-0/183.5429.37/bin/cmake/linux/bin/cmake -E cmake_link_script CMakeFiles/cmTC_f553c.dir/link.txt --verbose=1
/home/gyoung/esp/xtensa-esp32-elf/bin/xtensa-esp32-elf-gcc -mlongcalls   -nostdlib  CMakeFiles/cmTC_f553c.dir/feature_tests.c.obj  -o cmTC_f553c 
/home/gyoung/esp/xtensa-esp32-elf/bin/../lib/gcc/xtensa-esp32-elf/5.2.0/../../../../xtensa-esp32-elf/bin/ld: warning: cannot find entry symbol _start; defaulting to 0000000000400074
gmake[1]: Leaving directory '/home/gyoung/src/esp32_mqtt/ssl/cmake-build-debug/CMakeFiles/CMakeTmp'


    Feature record: C_FEATURE:1c_function_prototypes
    Feature record: C_FEATURE:1c_restrict
    Feature record: C_FEATURE:0c_static_assert
    Feature record: C_FEATURE:1c_variadic_macros


Detecting C [-std=c90] compiler features compiled with the following output:
Change Dir: /home/gyoung/src/esp32_mqtt/ssl/cmake-build-debug/CMakeFiles/CMakeTmp

Run Build Command:"/usr/bin/gmake" "cmTC_9acdd/fast"
/usr/bin/gmake -f CMakeFiles/cmTC_9acdd.dir/build.make CMakeFiles/cmTC_9acdd.dir/build
gmake[1]: Entering directory '/home/gyoung/src/esp32_mqtt/ssl/cmake-build-debug/CMakeFiles/CMakeTmp'
Building C object CMakeFiles/cmTC_9acdd.dir/feature_tests.c.obj
/home/gyoung/esp/xtensa-esp32-elf/bin/xtensa-esp32-elf-gcc   -mlongcalls    -std=c90 -o CMakeFiles/cmTC_9acdd.dir/feature_tests.c.obj   -c /home/gyoung/src/esp32_mqtt/ssl/cmake-build-debug/CMakeFiles/feature_tests.c
Linking C executable cmTC_9acdd
/home/gyoung/.local/share/JetBrains/Toolbox/apps/CLion/ch-0/183.5429.37/bin/cmake/linux/bin/cmake -E cmake_link_script CMakeFiles/cmTC_9acdd.dir/link.txt --verbose=1
/home/gyoung/esp/xtensa-esp32-elf/bin/xtensa-esp32-elf-gcc -mlongcalls   -nostdlib  CMakeFiles/cmTC_9acdd.dir/feature_tests.c.obj  -o cmTC_9acdd 
/home/gyoung/esp/xtensa-esp32-elf/bin/../lib/gcc/xtensa-esp32-elf/5.2.0/../../../../xtensa-esp32-elf/bin/ld: warning: cannot find entry symbol _start; defaulting to 0000000000400074
gmake[1]: Leaving directory '/home/gyoung/src/esp32_mqtt/ssl/cmake-build-debug/CMakeFiles/CMakeTmp'


    Feature record: C_FEATURE:1c_function_prototypes
    Feature record: C_FEATURE:0c_restrict
    Feature record: C_FEATURE:0c_static_assert
    Feature record: C_FEATURE:0c_variadic_macros
Determining if the CXX compiler works passed with the following output:
Change Dir: /home/gyoung/src/esp32_mqtt/ssl/cmake-build-debug/CMakeFiles/CMakeTmp

Run Build Command:"/usr/bin/gmake" "cmTC_f4c68/fast"
/usr/bin/gmake -f CMakeFiles/cmTC_f4c68.dir/build.make CMakeFiles/cmTC_f4c68.dir/build
gmake[1]: Entering directory '/home/gyoung/src/esp32_mqtt/ssl/cmake-build-debug/CMakeFiles/CMakeTmp'
Building CXX object CMakeFiles/cmTC_f4c68.dir/testCXXCompiler.cxx.obj
/home/gyoung/esp/xtensa-esp32-elf/bin/xtensa-esp32-elf-g++    -mlongcalls    -o CMakeFiles/cmTC_f4c68.dir/testCXXCompiler.cxx.obj -c /home/gyoung/src/esp32_mqtt/ssl/cmake-build-debug/CMakeFiles/CMakeTmp/testCXXCompiler.cxx
Linking CXX executable cmTC_f4c68
/home/gyoung/.local/share/JetBrains/Toolbox/apps/CLion/ch-0/183.5429.37/bin/cmake/linux/bin/cmake -E cmake_link_script CMakeFiles/cmTC_f4c68.dir/link.txt --verbose=1
/home/gyoung/esp/xtensa-esp32-elf/bin/xtensa-esp32-elf-g++  -mlongcalls   -nostdlib  CMakeFiles/cmTC_f4c68.dir/testCXXCompiler.cxx.obj  -o cmTC_f4c68 
/home/gyoung/esp/xtensa-esp32-elf/bin/../lib/gcc/xtensa-esp32-elf/5.2.0/../../../../xtensa-esp32-elf/bin/ld: warning: cannot find entry symbol _start; defaulting to 0000000000400054
gmake[1]: Leaving directory '/home/gyoung/src/esp32_mqtt/ssl/cmake-build-debug/CMakeFiles/CMakeTmp'


Detecting CXX compiler ABI info compiled with the following output:
Change Dir: /home/gyoung/src/esp32_mqtt/ssl/cmake-build-debug/CMakeFiles/CMakeTmp

Run Build Command:"/usr/bin/gmake" "cmTC_15470/fast"
/usr/bin/gmake -f CMakeFiles/cmTC_15470.dir/build.make CMakeFiles/cmTC_15470.dir/build
gmake[1]: Entering directory '/home/gyoung/src/esp32_mqtt/ssl/cmake-build-debug/CMakeFiles/CMakeTmp'
Building CXX object CMakeFiles/cmTC_15470.dir/CMakeCXXCompilerABI.cpp.obj
/home/gyoung/esp/xtensa-esp32-elf/bin/xtensa-esp32-elf-g++    -mlongcalls    -o CMakeFiles/cmTC_15470.dir/CMakeCXXCompilerABI.cpp.obj -c /home/gyoung/.local/share/JetBrains/Toolbox/apps/CLion/ch-0/183.5429.37/bin/cmake/linux/share/cmake-3.13/Modules/CMakeCXXCompilerABI.cpp
Linking CXX executable cmTC_15470
/home/gyoung/.local/share/JetBrains/Toolbox/apps/CLion/ch-0/183.5429.37/bin/cmake/linux/bin/cmake -E cmake_link_script CMakeFiles/cmTC_15470.dir/link.txt --verbose=1
/home/gyoung/esp/xtensa-esp32-elf/bin/xtensa-esp32-elf-g++  -mlongcalls   -nostdlib -v CMakeFiles/cmTC_15470.dir/CMakeCXXCompilerABI.cpp.obj  -o cmTC_15470 
Using built-in specs.
COLLECT_GCC=/home/gyoung/esp/xtensa-esp32-elf/bin/xtensa-esp32-elf-g++
COLLECT_LTO_WRAPPER=/home/gyoung/esp/xtensa-esp32-elf/bin/../libexec/gcc/xtensa-esp32-elf/5.2.0/lto-wrapper
Target: xtensa-esp32-elf
Configured with: /builds/idf/crosstool-NG/.build/src/gcc-5.2.0/configure --build=x86_64-build_pc-linux-gnu --host=x86_64-build_pc-linux-gnu --target=xtensa-esp32-elf --prefix=/builds/idf/crosstool-NG/builds/xtensa-esp32-elf --with-local-prefix=/builds/idf/crosstool-NG/builds/xtensa-esp32-elf/xtensa-esp32-elf/sysroot --with-sysroot=/builds/idf/crosstool-NG/builds/xtensa-esp32-elf/xtensa-esp32-elf/sysroot --with-newlib --enable-threads=no --disable-shared --with-pkgversion='crosstool-NG crosstool-ng-1.22.0-80-g6c4433a' --disable-__cxa_atexit --enable-cxx-flags='-fno-rtti -ffunction-sections' --with-gmp=/builds/idf/crosstool-NG/.build/xtensa-esp32-elf/buildtools --with-mpfr=/builds/idf/crosstool-NG/.build/xtensa-esp32-elf/buildtools --with-mpc=/builds/idf/crosstool-NG/.build/xtensa-esp32-elf/buildtools --with-isl=/builds/idf/crosstool-NG/.build/xtensa-esp32-elf/buildtools --with-cloog=/builds/idf/crosstool-NG/.build/xtensa-esp32-elf/buildtools --with-libelf=/builds/idf/crosstool-NG/.build/xtensa-esp32-elf/buildtools --enable-lto --enable-target-optspace --without-long-double-128 --disable-libgomp --disable-libmudflap --disable-libssp --disable-libquadmath --disable-libquadmath-support --disable-nls --enable-languages=c,c++ --disable-libstdcxx-verbose --enable-threads=posix --enable-gcov-custom-rtio
Thread model: posix
gcc version 5.2.0 (crosstool-NG crosstool-ng-1.22.0-80-g6c4433a) 
COMPILER_PATH=/home/gyoung/esp/xtensa-esp32-elf/bin/../libexec/gcc/xtensa-esp32-elf/5.2.0/:/home/gyoung/esp/xtensa-esp32-elf/bin/../libexec/gcc/:/home/gyoung/esp/xtensa-esp32-elf/bin/../lib/gcc/xtensa-esp32-elf/5.2.0/../../../../xtensa-esp32-elf/bin/
LIBRARY_PATH=/home/gyoung/esp/xtensa-esp32-elf/bin/../lib/gcc/xtensa-esp32-elf/5.2.0/:/home/gyoung/esp/xtensa-esp32-elf/bin/../lib/gcc/:/home/gyoung/esp/xtensa-esp32-elf/bin/../lib/gcc/xtensa-esp32-elf/5.2.0/../../../../xtensa-esp32-elf/lib/:/home/gyoung/esp/xtensa-esp32-elf/bin/../xtensa-esp32-elf/sysroot/lib/:/home/gyoung/esp/xtensa-esp32-elf/bin/../xtensa-esp32-elf/sysroot/usr/lib/
COLLECT_GCC_OPTIONS='-mlongcalls' '-nostdlib' '-v' '-o' 'cmTC_15470'
 /home/gyoung/esp/xtensa-esp32-elf/bin/../libexec/gcc/xtensa-esp32-elf/5.2.0/collect2 -plugin /home/gyoung/esp/xtensa-esp32-elf/bin/../libexec/gcc/xtensa-esp32-elf/5.2.0/liblto_plugin.so -plugin-opt=/home/gyoung/esp/xtensa-esp32-elf/bin/../libexec/gcc/xtensa-esp32-elf/5.2.0/lto-wrapper -plugin-opt=-fresolution=/tmp/ccQdZ6Ge.res --sysroot=/home/gyoung/esp/xtensa-esp32-elf/bin/../xtensa-esp32-elf/sysroot -o cmTC_15470 -L/home/gyoung/esp/xtensa-esp32-elf/bin/../lib/gcc/xtensa-esp32-elf/5.2.0 -L/home/gyoung/esp/xtensa-esp32-elf/bin/../lib/gcc -L/home/gyoung/esp/xtensa-esp32-elf/bin/../lib/gcc/xtensa-esp32-elf/5.2.0/../../../../xtensa-esp32-elf/lib -L/home/gyoung/esp/xtensa-esp32-elf/bin/../xtensa-esp32-elf/sysroot/lib -L/home/gyoung/esp/xtensa-esp32-elf/bin/../xtensa-esp32-elf/sysroot/usr/lib CMakeFiles/cmTC_15470.dir/CMakeCXXCompilerABI.cpp.obj
/home/gyoung/esp/xtensa-esp32-elf/bin/../lib/gcc/xtensa-esp32-elf/5.2.0/../../../../xtensa-esp32-elf/bin/ld: warning: cannot find entry symbol _start; defaulting to 0000000000400074
gmake[1]: Leaving directory '/home/gyoung/src/esp32_mqtt/ssl/cmake-build-debug/CMakeFiles/CMakeTmp'


Parsed CXX implicit link information from above output:
  link line regex: [^( *|.*[/\])(xtensa-esp32-elf-ld|CMAKE_LINK_STARTFILE-NOTFOUND|([^/\]+-)?ld|collect2)[^/\]*( |$)]
  ignore line: [Change Dir: /home/gyoung/src/esp32_mqtt/ssl/cmake-build-debug/CMakeFiles/CMakeTmp]
  ignore line: []
  ignore line: [Run Build Command:"/usr/bin/gmake" "cmTC_15470/fast"]
  ignore line: [/usr/bin/gmake -f CMakeFiles/cmTC_15470.dir/build.make CMakeFiles/cmTC_15470.dir/build]
  ignore line: [gmake[1]: Entering directory '/home/gyoung/src/esp32_mqtt/ssl/cmake-build-debug/CMakeFiles/CMakeTmp']
  ignore line: [Building CXX object CMakeFiles/cmTC_15470.dir/CMakeCXXCompilerABI.cpp.obj]
  ignore line: [/home/gyoung/esp/xtensa-esp32-elf/bin/xtensa-esp32-elf-g++    -mlongcalls    -o CMakeFiles/cmTC_15470.dir/CMakeCXXCompilerABI.cpp.obj -c /home/gyoung/.local/share/JetBrains/Toolbox/apps/CLion/ch-0/183.5429.37/bin/cmake/linux/share/cmake-3.13/Modules/CMakeCXXCompilerABI.cpp]
  ignore line: [Linking CXX executable cmTC_15470]
  ignore line: [/home/gyoung/.local/share/JetBrains/Toolbox/apps/CLion/ch-0/183.5429.37/bin/cmake/linux/bin/cmake -E cmake_link_script CMakeFiles/cmTC_15470.dir/link.txt --verbose=1]
  ignore line: [/home/gyoung/esp/xtensa-esp32-elf/bin/xtensa-esp32-elf-g++  -mlongcalls   -nostdlib -v CMakeFiles/cmTC_15470.dir/CMakeCXXCompilerABI.cpp.obj  -o cmTC_15470 ]
  ignore line: [Using built-in specs.]
  ignore line: [COLLECT_GCC=/home/gyoung/esp/xtensa-esp32-elf/bin/xtensa-esp32-elf-g++]
  ignore line: [COLLECT_LTO_WRAPPER=/home/gyoung/esp/xtensa-esp32-elf/bin/../libexec/gcc/xtensa-esp32-elf/5.2.0/lto-wrapper]
  ignore line: [Target: xtensa-esp32-elf]
  ignore line: [Configured with: /builds/idf/crosstool-NG/.build/src/gcc-5.2.0/configure --build=x86_64-build_pc-linux-gnu --host=x86_64-build_pc-linux-gnu --target=xtensa-esp32-elf --prefix=/builds/idf/crosstool-NG/builds/xtensa-esp32-elf --with-local-prefix=/builds/idf/crosstool-NG/builds/xtensa-esp32-elf/xtensa-esp32-elf/sysroot --with-sysroot=/builds/idf/crosstool-NG/builds/xtensa-esp32-elf/xtensa-esp32-elf/sysroot --with-newlib --enable-threads=no --disable-shared --with-pkgversion='crosstool-NG crosstool-ng-1.22.0-80-g6c4433a' --disable-__cxa_atexit --enable-cxx-flags='-fno-rtti -ffunction-sections' --with-gmp=/builds/idf/crosstool-NG/.build/xtensa-esp32-elf/buildtools --with-mpfr=/builds/idf/crosstool-NG/.build/xtensa-esp32-elf/buildtools --with-mpc=/builds/idf/crosstool-NG/.build/xtensa-esp32-elf/buildtools --with-isl=/builds/idf/crosstool-NG/.build/xtensa-esp32-elf/buildtools --with-cloog=/builds/idf/crosstool-NG/.build/xtensa-esp32-elf/buildtools --with-libelf=/builds/idf/crosstool-NG/.build/xtensa-esp32-elf/buildtools --enable-lto --enable-target-optspace --without-long-double-128 --disable-libgomp --disable-libmudflap --disable-libssp --disable-libquadmath --disable-libquadmath-support --disable-nls --enable-languages=c,c++ --disable-libstdcxx-verbose --enable-threads=posix --enable-gcov-custom-rtio]
  ignore line: [Thread model: posix]
  ignore line: [gcc version 5.2.0 (crosstool-NG crosstool-ng-1.22.0-80-g6c4433a) ]
  ignore line: [COMPILER_PATH=/home/gyoung/esp/xtensa-esp32-elf/bin/../libexec/gcc/xtensa-esp32-elf/5.2.0/:/home/gyoung/esp/xtensa-esp32-elf/bin/../libexec/gcc/:/home/gyoung/esp/xtensa-esp32-elf/bin/../lib/gcc/xtensa-esp32-elf/5.2.0/../../../../xtensa-esp32-elf/bin/]
  ignore line: [LIBRARY_PATH=/home/gyoung/esp/xtensa-esp32-elf/bin/../lib/gcc/xtensa-esp32-elf/5.2.0/:/home/gyoung/esp/xtensa-esp32-elf/bin/../lib/gcc/:/home/gyoung/esp/xtensa-esp32-elf/bin/../lib/gcc/xtensa-esp32-elf/5.2.0/../../../../xtensa-esp32-elf/lib/:/home/gyoung/esp/xtensa-esp32-elf/bin/../xtensa-esp32-elf/sysroot/lib/:/home/gyoung/esp/xtensa-esp32-elf/bin/../xtensa-esp32-elf/sysroot/usr/lib/]
  ignore line: [COLLECT_GCC_OPTIONS='-mlongcalls' '-nostdlib' '-v' '-o' 'cmTC_15470']
  link line: [ /home/gyoung/esp/xtensa-esp32-elf/bin/../libexec/gcc/xtensa-esp32-elf/5.2.0/collect2 -plugin /home/gyoung/esp/xtensa-esp32-elf/bin/../libexec/gcc/xtensa-esp32-elf/5.2.0/liblto_plugin.so -plugin-opt=/home/gyoung/esp/xtensa-esp32-elf/bin/../libexec/gcc/xtensa-esp32-elf/5.2.0/lto-wrapper -plugin-opt=-fresolution=/tmp/ccQdZ6Ge.res --sysroot=/home/gyoung/esp/xtensa-esp32-elf/bin/../xtensa-esp32-elf/sysroot -o cmTC_15470 -L/home/gyoung/esp/xtensa-esp32-elf/bin/../lib/gcc/xtensa-esp32-elf/5.2.0 -L/home/gyoung/esp/xtensa-esp32-elf/bin/../lib/gcc -L/home/gyoung/esp/xtensa-esp32-elf/bin/../lib/gcc/xtensa-esp32-elf/5.2.0/../../../../xtensa-esp32-elf/lib -L/home/gyoung/esp/xtensa-esp32-elf/bin/../xtensa-esp32-elf/sysroot/lib -L/home/gyoung/esp/xtensa-esp32-elf/bin/../xtensa-esp32-elf/sysroot/usr/lib CMakeFiles/cmTC_15470.dir/CMakeCXXCompilerABI.cpp.obj]
    arg [/home/gyoung/esp/xtensa-esp32-elf/bin/../libexec/gcc/xtensa-esp32-elf/5.2.0/collect2] ==> ignore
    arg [-plugin] ==> ignore
    arg [/home/gyoung/esp/xtensa-esp32-elf/bin/../libexec/gcc/xtensa-esp32-elf/5.2.0/liblto_plugin.so] ==> ignore
    arg [-plugin-opt=/home/gyoung/esp/xtensa-esp32-elf/bin/../libexec/gcc/xtensa-esp32-elf/5.2.0/lto-wrapper] ==> ignore
    arg [-plugin-opt=-fresolution=/tmp/ccQdZ6Ge.res] ==> ignore
    arg [--sysroot=/home/gyoung/esp/xtensa-esp32-elf/bin/../xtensa-esp32-elf/sysroot] ==> ignore
    arg [-o] ==> ignore
    arg [cmTC_15470] ==> ignore
    arg [-L/home/gyoung/esp/xtensa-esp32-elf/bin/../lib/gcc/xtensa-esp32-elf/5.2.0] ==> dir [/home/gyoung/esp/xtensa-esp32-elf/bin/../lib/gcc/xtensa-esp32-elf/5.2.0]
    arg [-L/home/gyoung/esp/xtensa-esp32-elf/bin/../lib/gcc] ==> dir [/home/gyoung/esp/xtensa-esp32-elf/bin/../lib/gcc]
    arg [-L/home/gyoung/esp/xtensa-esp32-elf/bin/../lib/gcc/xtensa-esp32-elf/5.2.0/../../../../xtensa-esp32-elf/lib] ==> dir [/home/gyoung/esp/xtensa-esp32-elf/bin/../lib/gcc/xtensa-esp32-elf/5.2.0/../../../../xtensa-esp32-elf/lib]
    arg [-L/home/gyoung/esp/xtensa-esp32-elf/bin/../xtensa-esp32-elf/sysroot/lib] ==> dir [/home/gyoung/esp/xtensa-esp32-elf/bin/../xtensa-esp32-elf/sysroot/lib]
    arg [-L/home/gyoung/esp/xtensa-esp32-elf/bin/../xtensa-esp32-elf/sysroot/usr/lib] ==> dir [/home/gyoung/esp/xtensa-esp32-elf/bin/../xtensa-esp32-elf/sysroot/usr/lib]
    arg [CMakeFiles/cmTC_15470.dir/CMakeCXXCompilerABI.cpp.obj] ==> ignore
  collapse library dir [/home/gyoung/esp/xtensa-esp32-elf/bin/../lib/gcc/xtensa-esp32-elf/5.2.0] ==> [/home/gyoung/esp/xtensa-esp32-elf/lib/gcc/xtensa-esp32-elf/5.2.0]
  collapse library dir [/home/gyoung/esp/xtensa-esp32-elf/bin/../lib/gcc] ==> [/home/gyoung/esp/xtensa-esp32-elf/lib/gcc]
  collapse library dir [/home/gyoung/esp/xtensa-esp32-elf/bin/../lib/gcc/xtensa-esp32-elf/5.2.0/../../../../xtensa-esp32-elf/lib] ==> [/home/gyoung/esp/xtensa-esp32-elf/xtensa-esp32-elf/lib]
  collapse library dir [/home/gyoung/esp/xtensa-esp32-elf/bin/../xtensa-esp32-elf/sysroot/lib] ==> [/home/gyoung/esp/xtensa-esp32-elf/xtensa-esp32-elf/sysroot/lib]
  collapse library dir [/home/gyoung/esp/xtensa-esp32-elf/bin/../xtensa-esp32-elf/sysroot/usr/lib] ==> [/home/gyoung/esp/xtensa-esp32-elf/xtensa-esp32-elf/sysroot/usr/lib]
  implicit libs: []
  implicit dirs: [/home/gyoung/esp/xtensa-esp32-elf/lib/gcc/xtensa-esp32-elf/5.2.0;/home/gyoung/esp/xtensa-esp32-elf/lib/gcc;/home/gyoung/esp/xtensa-esp32-elf/xtensa-esp32-elf/lib;/home/gyoung/esp/xtensa-esp32-elf/xtensa-esp32-elf/sysroot/lib;/home/gyoung/esp/xtensa-esp32-elf/xtensa-esp32-elf/sysroot/usr/lib]
  implicit fwks: []




Detecting CXX [-std=c++1z] compiler features compiled with the following output:
Change Dir: /home/gyoung/src/esp32_mqtt/ssl/cmake-build-debug/CMakeFiles/CMakeTmp

Run Build Command:"/usr/bin/gmake" "cmTC_da0ef/fast"
/usr/bin/gmake -f CMakeFiles/cmTC_da0ef.dir/build.make CMakeFiles/cmTC_da0ef.dir/build
gmake[1]: Entering directory '/home/gyoung/src/esp32_mqtt/ssl/cmake-build-debug/CMakeFiles/CMakeTmp'
Building CXX object CMakeFiles/cmTC_da0ef.dir/feature_tests.cxx.obj
/home/gyoung/esp/xtensa-esp32-elf/bin/xtensa-esp32-elf-g++    -mlongcalls    -std=c++1z -o CMakeFiles/cmTC_da0ef.dir/feature_tests.cxx.obj -c /home/gyoung/src/esp32_mqtt/ssl/cmake-build-debug/CMakeFiles/feature_tests.cxx
Linking CXX executable cmTC_da0ef
/home/gyoung/.local/share/JetBrains/Toolbox/apps/CLion/ch-0/183.5429.37/bin/cmake/linux/bin/cmake -E cmake_link_script CMakeFiles/cmTC_da0ef.dir/link.txt --verbose=1
/home/gyoung/esp/xtensa-esp32-elf/bin/xtensa-esp32-elf-g++  -mlongcalls   -nostdlib  CMakeFiles/cmTC_da0ef.dir/feature_tests.cxx.obj  -o cmTC_da0ef 
/home/gyoung/esp/xtensa-esp32-elf/bin/../lib/gcc/xtensa-esp32-elf/5.2.0/../../../../xtensa-esp32-elf/bin/ld: warning: cannot find entry symbol _start; defaulting to 0000000000400074
gmake[1]: Leaving directory '/home/gyoung/src/esp32_mqtt/ssl/cmake-build-debug/CMakeFiles/CMakeTmp'


    Feature record: CXX_FEATURE:1cxx_aggregate_default_initializers
    Feature record: CXX_FEATURE:1cxx_alias_templates
    Feature record: CXX_FEATURE:1cxx_alignas
    Feature record: CXX_FEATURE:1cxx_alignof
    Feature record: CXX_FEATURE:1cxx_attributes
    Feature record: CXX_FEATURE:1cxx_attribute_deprecated
    Feature record: CXX_FEATURE:1cxx_auto_type
    Feature record: CXX_FEATURE:1cxx_binary_literals
    Feature record: CXX_FEATURE:1cxx_constexpr
    Feature record: CXX_FEATURE:1cxx_contextual_conversions
    Feature record: CXX_FEATURE:1cxx_decltype
    Feature record: CXX_FEATURE:1cxx_decltype_auto
    Feature record: CXX_FEATURE:1cxx_decltype_incomplete_return_types
    Feature record: CXX_FEATURE:1cxx_default_function_template_args
    Feature record: CXX_FEATURE:1cxx_defaulted_functions
    Feature record: CXX_FEATURE:1cxx_defaulted_move_initializers
    Feature record: CXX_FEATURE:1cxx_delegating_constructors
    Feature record: CXX_FEATURE:1cxx_deleted_functions
    Feature record: CXX_FEATURE:1cxx_digit_separators
    Feature record: CXX_FEATURE:1cxx_enum_forward_declarations
    Feature record: CXX_FEATURE:1cxx_explicit_conversions
    Feature record: CXX_FEATURE:1cxx_extended_friend_declarations
    Feature record: CXX_FEATURE:1cxx_extern_templates
    Feature record: CXX_FEATURE:1cxx_final
    Feature record: CXX_FEATURE:1cxx_func_identifier
    Feature record: CXX_FEATURE:1cxx_generalized_initializers
    Feature record: CXX_FEATURE:1cxx_generic_lambdas
    Feature record: CXX_FEATURE:1cxx_inheriting_constructors
    Feature record: CXX_FEATURE:1cxx_inline_namespaces
    Feature record: CXX_FEATURE:1cxx_lambdas
    Feature record: CXX_FEATURE:1cxx_lambda_init_captures
    Feature record: CXX_FEATURE:1cxx_local_type_template_args
    Feature record: CXX_FEATURE:1cxx_long_long_type
    Feature record: CXX_FEATURE:1cxx_noexcept
    Feature record: CXX_FEATURE:1cxx_nonstatic_member_init
    Feature record: CXX_FEATURE:1cxx_nullptr
    Feature record: CXX_FEATURE:1cxx_override
    Feature record: CXX_FEATURE:1cxx_range_for
    Feature record: CXX_FEATURE:1cxx_raw_string_literals
    Feature record: CXX_FEATURE:1cxx_reference_qualified_functions
    Feature record: CXX_FEATURE:1cxx_relaxed_constexpr
    Feature record: CXX_FEATURE:1cxx_return_type_deduction
    Feature record: CXX_FEATURE:1cxx_right_angle_brackets
    Feature record: CXX_FEATURE:1cxx_rvalue_references
    Feature record: CXX_FEATURE:1cxx_sizeof_member
    Feature record: CXX_FEATURE:1cxx_static_assert
    Feature record: CXX_FEATURE:1cxx_strong_enums
    Feature record: CXX_FEATURE:1cxx_template_template_parameters
    Feature record: CXX_FEATURE:1cxx_thread_local
    Feature record: CXX_FEATURE:1cxx_trailing_return_types
    Feature record: CXX_FEATURE:1cxx_unicode_literals
    Feature record: CXX_FEATURE:1cxx_uniform_initialization
    Feature record: CXX_FEATURE:1cxx_unrestricted_unions
    Feature record: CXX_FEATURE:1cxx_user_literals
    Feature record: CXX_FEATURE:1cxx_variable_templates
    Feature record: CXX_FEATURE:1cxx_variadic_macros
    Feature record: CXX_FEATURE:1cxx_variadic_templates


Detecting CXX [-std=c++14] compiler features compiled with the following output:
Change Dir: /home/gyoung/src/esp32_mqtt/ssl/cmake-build-debug/CMakeFiles/CMakeTmp

Run Build Command:"/usr/bin/gmake" "cmTC_12d9a/fast"
/usr/bin/gmake -f CMakeFiles/cmTC_12d9a.dir/build.make CMakeFiles/cmTC_12d9a.dir/build
gmake[1]: Entering directory '/home/gyoung/src/esp32_mqtt/ssl/cmake-build-debug/CMakeFiles/CMakeTmp'
Building CXX object CMakeFiles/cmTC_12d9a.dir/feature_tests.cxx.obj
/home/gyoung/esp/xtensa-esp32-elf/bin/xtensa-esp32-elf-g++    -mlongcalls    -std=c++14 -o CMakeFiles/cmTC_12d9a.dir/feature_tests.cxx.obj -c /home/gyoung/src/esp32_mqtt/ssl/cmake-build-debug/CMakeFiles/feature_tests.cxx
Linking CXX executable cmTC_12d9a
/home/gyoung/.local/share/JetBrains/Toolbox/apps/CLion/ch-0/183.5429.37/bin/cmake/linux/bin/cmake -E cmake_link_script CMakeFiles/cmTC_12d9a.dir/link.txt --verbose=1
/home/gyoung/esp/xtensa-esp32-elf/bin/xtensa-esp32-elf-g++  -mlongcalls   -nostdlib  CMakeFiles/cmTC_12d9a.dir/feature_tests.cxx.obj  -o cmTC_12d9a 
/home/gyoung/esp/xtensa-esp32-elf/bin/../lib/gcc/xtensa-esp32-elf/5.2.0/../../../../xtensa-esp32-elf/bin/ld: warning: cannot find entry symbol _start; defaulting to 0000000000400074
gmake[1]: Leaving directory '/home/gyoung/src/esp32_mqtt/ssl/cmake-build-debug/CMakeFiles/CMakeTmp'


    Feature record: CXX_FEATURE:1cxx_aggregate_default_initializers
    Feature record: CXX_FEATURE:1cxx_alias_templates
    Feature record: CXX_FEATURE:1cxx_alignas
    Feature record: CXX_FEATURE:1cxx_alignof
    Feature record: CXX_FEATURE:1cxx_attributes
    Feature record: CXX_FEATURE:1cxx_attribute_deprecated
    Feature record: CXX_FEATURE:1cxx_auto_type
    Feature record: CXX_FEATURE:1cxx_binary_literals
    Feature record: CXX_FEATURE:1cxx_constexpr
    Feature record: CXX_FEATURE:1cxx_contextual_conversions
    Feature record: CXX_FEATURE:1cxx_decltype
    Feature record: CXX_FEATURE:1cxx_decltype_auto
    Feature record: CXX_FEATURE:1cxx_decltype_incomplete_return_types
    Feature record: CXX_FEATURE:1cxx_default_function_template_args
    Feature record: CXX_FEATURE:1cxx_defaulted_functions
    Feature record: CXX_FEATURE:1cxx_defaulted_move_initializers
    Feature record: CXX_FEATURE:1cxx_delegating_constructors
    Feature record: CXX_FEATURE:1cxx_deleted_functions
    Feature record: CXX_FEATURE:1cxx_digit_separators
    Feature record: CXX_FEATURE:1cxx_enum_forward_declarations
    Feature record: CXX_FEATURE:1cxx_explicit_conversions
    Feature record: CXX_FEATURE:1cxx_extended_friend_declarations
    Feature record: CXX_FEATURE:1cxx_extern_templates
    Feature record: CXX_FEATURE:1cxx_final
    Feature record: CXX_FEATURE:1cxx_func_identifier
    Feature record: CXX_FEATURE:1cxx_generalized_initializers
    Feature record: CXX_FEATURE:1cxx_generic_lambdas
    Feature record: CXX_FEATURE:1cxx_inheriting_constructors
    Feature record: CXX_FEATURE:1cxx_inline_namespaces
    Feature record: CXX_FEATURE:1cxx_lambdas
    Feature record: CXX_FEATURE:1cxx_lambda_init_captures
    Feature record: CXX_FEATURE:1cxx_local_type_template_args
    Feature record: CXX_FEATURE:1cxx_long_long_type
    Feature record: CXX_FEATURE:1cxx_noexcept
    Feature record: CXX_FEATURE:1cxx_nonstatic_member_init
    Feature record: CXX_FEATURE:1cxx_nullptr
    Feature record: CXX_FEATURE:1cxx_override
    Feature record: CXX_FEATURE:1cxx_range_for
    Feature record: CXX_FEATURE:1cxx_raw_string_literals
    Feature record: CXX_FEATURE:1cxx_reference_qualified_functions
    Feature record: CXX_FEATURE:1cxx_relaxed_constexpr
    Feature record: CXX_FEATURE:1cxx_return_type_deduction
    Feature record: CXX_FEATURE:1cxx_right_angle_brackets
    Feature record: CXX_FEATURE:1cxx_rvalue_references
    Feature record: CXX_FEATURE:1cxx_sizeof_member
    Feature record: CXX_FEATURE:1cxx_static_assert
    Feature record: CXX_FEATURE:1cxx_strong_enums
    Feature record: CXX_FEATURE:1cxx_template_template_parameters
    Feature record: CXX_FEATURE:1cxx_thread_local
    Feature record: CXX_FEATURE:1cxx_trailing_return_types
    Feature record: CXX_FEATURE:1cxx_unicode_literals
    Feature record: CXX_FEATURE:1cxx_uniform_initialization
    Feature record: CXX_FEATURE:1cxx_unrestricted_unions
    Feature record: CXX_FEATURE:1cxx_user_literals
    Feature record: CXX_FEATURE:1cxx_variable_templates
    Feature record: CXX_FEATURE:1cxx_variadic_macros
    Feature record: CXX_FEATURE:1cxx_variadic_templates


Detecting CXX [-std=c++11] compiler features compiled with the following output:
Change Dir: /home/gyoung/src/esp32_mqtt/ssl/cmake-build-debug/CMakeFiles/CMakeTmp

Run Build Command:"/usr/bin/gmake" "cmTC_9e45d/fast"
/usr/bin/gmake -f CMakeFiles/cmTC_9e45d.dir/build.make CMakeFiles/cmTC_9e45d.dir/build
gmake[1]: Entering directory '/home/gyoung/src/esp32_mqtt/ssl/cmake-build-debug/CMakeFiles/CMakeTmp'
Building CXX object CMakeFiles/cmTC_9e45d.dir/feature_tests.cxx.obj
/home/gyoung/esp/xtensa-esp32-elf/bin/xtensa-esp32-elf-g++    -mlongcalls    -std=c++11 -o CMakeFiles/cmTC_9e45d.dir/feature_tests.cxx.obj -c /home/gyoung/src/esp32_mqtt/ssl/cmake-build-debug/CMakeFiles/feature_tests.cxx
Linking CXX executable cmTC_9e45d
/home/gyoung/.local/share/JetBrains/Toolbox/apps/CLion/ch-0/183.5429.37/bin/cmake/linux/bin/cmake -E cmake_link_script CMakeFiles/cmTC_9e45d.dir/link.txt --verbose=1
/home/gyoung/esp/xtensa-esp32-elf/bin/xtensa-esp32-elf-g++  -mlongcalls   -nostdlib  CMakeFiles/cmTC_9e45d.dir/feature_tests.cxx.obj  -o cmTC_9e45d 
/home/gyoung/esp/xtensa-esp32-elf/bin/../lib/gcc/xtensa-esp32-elf/5.2.0/../../../../xtensa-esp32-elf/bin/ld: warning: cannot find entry symbol _start; defaulting to 0000000000400074
gmake[1]: Leaving directory '/home/gyoung/src/esp32_mqtt/ssl/cmake-build-debug/CMakeFiles/CMakeTmp'


    Feature record: CXX_FEATURE:0cxx_aggregate_default_initializers
    Feature record: CXX_FEATURE:1cxx_alias_templates
    Feature record: CXX_FEATURE:1cxx_alignas
    Feature record: CXX_FEATURE:1cxx_alignof
    Feature record: CXX_FEATURE:1cxx_attributes
    Feature record: CXX_FEATURE:0cxx_attribute_deprecated
    Feature record: CXX_FEATURE:1cxx_auto_type
    Feature record: CXX_FEATURE:0cxx_binary_literals
    Feature record: CXX_FEATURE:1cxx_constexpr
    Feature record: CXX_FEATURE:0cxx_contextual_conversions
    Feature record: CXX_FEATURE:1cxx_decltype
    Feature record: CXX_FEATURE:0cxx_decltype_auto
    Feature record: CXX_FEATURE:1cxx_decltype_incomplete_return_types
    Feature record: CXX_FEATURE:1cxx_default_function_template_args
    Feature record: CXX_FEATURE:1cxx_defaulted_functions
    Feature record: CXX_FEATURE:1cxx_defaulted_move_initializers
    Feature record: CXX_FEATURE:1cxx_delegating_constructors
    Feature record: CXX_FEATURE:1cxx_deleted_functions
    Feature record: CXX_FEATURE:0cxx_digit_separators
    Feature record: CXX_FEATURE:1cxx_enum_forward_declarations
    Feature record: CXX_FEATURE:1cxx_explicit_conversions
    Feature record: CXX_FEATURE:1cxx_extended_friend_declarations
    Feature record: CXX_FEATURE:1cxx_extern_templates
    Feature record: CXX_FEATURE:1cxx_final
    Feature record: CXX_FEATURE:1cxx_func_identifier
    Feature record: CXX_FEATURE:1cxx_generalized_initializers
    Feature record: CXX_FEATURE:0cxx_generic_lambdas
    Feature record: CXX_FEATURE:1cxx_inheriting_constructors
    Feature record: CXX_FEATURE:1cxx_inline_namespaces
    Feature record: CXX_FEATURE:1cxx_lambdas
    Feature record: CXX_FEATURE:0cxx_lambda_init_captures
    Feature record: CXX_FEATURE:1cxx_local_type_template_args
    Feature record: CXX_FEATURE:1cxx_long_long_type
    Feature record: CXX_FEATURE:1cxx_noexcept
    Feature record: CXX_FEATURE:1cxx_nonstatic_member_init
    Feature record: CXX_FEATURE:1cxx_nullptr
    Feature record: CXX_FEATURE:1cxx_override
    Feature record: CXX_FEATURE:1cxx_range_for
    Feature record: CXX_FEATURE:1cxx_raw_string_literals
    Feature record: CXX_FEATURE:1cxx_reference_qualified_functions
    Feature record: CXX_FEATURE:0cxx_relaxed_constexpr
    Feature record: CXX_FEATURE:0cxx_return_type_deduction
    Feature record: CXX_FEATURE:1cxx_right_angle_brackets
    Feature record: CXX_FEATURE:1cxx_rvalue_references
    Feature record: CXX_FEATURE:1cxx_sizeof_member
    Feature record: CXX_FEATURE:1cxx_static_assert
    Feature record: CXX_FEATURE:1cxx_strong_enums
    Feature record: CXX_FEATURE:1cxx_template_template_parameters
    Feature record: CXX_FEATURE:1cxx_thread_local
    Feature record: CXX_FEATURE:1cxx_trailing_return_types
    Feature record: CXX_FEATURE:1cxx_unicode_literals
    Feature record: CXX_FEATURE:1cxx_uniform_initialization
    Feature record: CXX_FEATURE:1cxx_unrestricted_unions
    Feature record: CXX_FEATURE:1cxx_user_literals
    Feature record: CXX_FEATURE:0cxx_variable_templates
    Feature record: CXX_FEATURE:1cxx_variadic_macros
    Feature record: CXX_FEATURE:1cxx_variadic_templates


Detecting CXX [-std=c++98] compiler features compiled with the following output:
Change Dir: /home/gyoung/src/esp32_mqtt/ssl/cmake-build-debug/CMakeFiles/CMakeTmp

Run Build Command:"/usr/bin/gmake" "cmTC_35d4a/fast"
/usr/bin/gmake -f CMakeFiles/cmTC_35d4a.dir/build.make CMakeFiles/cmTC_35d4a.dir/build
gmake[1]: Entering directory '/home/gyoung/src/esp32_mqtt/ssl/cmake-build-debug/CMakeFiles/CMakeTmp'
Building CXX object CMakeFiles/cmTC_35d4a.dir/feature_tests.cxx.obj
/home/gyoung/esp/xtensa-esp32-elf/bin/xtensa-esp32-elf-g++    -mlongcalls    -std=c++98 -o CMakeFiles/cmTC_35d4a.dir/feature_tests.cxx.obj -c /home/gyoung/src/esp32_mqtt/ssl/cmake-build-debug/CMakeFiles/feature_tests.cxx
Linking CXX executable cmTC_35d4a
/home/gyoung/.local/share/JetBrains/Toolbox/apps/CLion/ch-0/183.5429.37/bin/cmake/linux/bin/cmake -E cmake_link_script CMakeFiles/cmTC_35d4a.dir/link.txt --verbose=1
/home/gyoung/esp/xtensa-esp32-elf/bin/xtensa-esp32-elf-g++  -mlongcalls   -nostdlib  CMakeFiles/cmTC_35d4a.dir/feature_tests.cxx.obj  -o cmTC_35d4a 
/home/gyoung/esp/xtensa-esp32-elf/bin/../lib/gcc/xtensa-esp32-elf/5.2.0/../../../../xtensa-esp32-elf/bin/ld: warning: cannot find entry symbol _start; defaulting to 0000000000400074
gmake[1]: Leaving directory '/home/gyoung/src/esp32_mqtt/ssl/cmake-build-debug/CMakeFiles/CMakeTmp'


    Feature record: CXX_FEATURE:0cxx_aggregate_default_initializers
    Feature record: CXX_FEATURE:0cxx_alias_templates
    Feature record: CXX_FEATURE:0cxx_alignas
    Feature record: CXX_FEATURE:0cxx_alignof
    Feature record: CXX_FEATURE:0cxx_attributes
    Feature record: CXX_FEATURE:0cxx_attribute_deprecated
    Feature record: CXX_FEATURE:0cxx_auto_type
    Feature record: CXX_FEATURE:0cxx_binary_literals
    Feature record: CXX_FEATURE:0cxx_constexpr
    Feature record: CXX_FEATURE:0cxx_contextual_conversions
    Feature record: CXX_FEATURE:0cxx_decltype
    Feature record: CXX_FEATURE:0cxx_decltype_auto
    Feature record: CXX_FEATURE:0cxx_decltype_incomplete_return_types
    Feature record: CXX_FEATURE:0cxx_default_function_template_args
    Feature record: CXX_FEATURE:0cxx_defaulted_functions
    Feature record: CXX_FEATURE:0cxx_defaulted_move_initializers
    Feature record: CXX_FEATURE:0cxx_delegating_constructors
    Feature record: CXX_FEATURE:0cxx_deleted_functions
    Feature record: CXX_FEATURE:0cxx_digit_separators
    Feature record: CXX_FEATURE:0cxx_enum_forward_declarations
    Feature record: CXX_FEATURE:0cxx_explicit_conversions
    Feature record: CXX_FEATURE:0cxx_extended_friend_declarations
    Feature record: CXX_FEATURE:0cxx_extern_templates
    Feature record: CXX_FEATURE:0cxx_final
    Feature record: CXX_FEATURE:0cxx_func_identifier
    Feature record: CXX_FEATURE:0cxx_generalized_initializers
    Feature record: CXX_FEATURE:0cxx_generic_lambdas
    Feature record: CXX_FEATURE:0cxx_inheriting_constructors
    Feature record: CXX_FEATURE:0cxx_inline_namespaces
    Feature record: CXX_FEATURE:0cxx_lambdas
    Feature record: CXX_FEATURE:0cxx_lambda_init_captures
    Feature record: CXX_FEATURE:0cxx_local_type_template_args
    Feature record: CXX_FEATURE:0cxx_long_long_type
    Feature record: CXX_FEATURE:0cxx_noexcept
    Feature record: CXX_FEATURE:0cxx_nonstatic_member_init
    Feature record: CXX_FEATURE:0cxx_nullptr
    Feature record: CXX_FEATURE:0cxx_override
    Feature record: CXX_FEATURE:0cxx_range_for
    Feature record: CXX_FEATURE:0cxx_raw_string_literals
    Feature record: CXX_FEATURE:0cxx_reference_qualified_functions
    Feature record: CXX_FEATURE:0cxx_relaxed_constexpr
    Feature record: CXX_FEATURE:0cxx_return_type_deduction
    Feature record: CXX_FEATURE:0cxx_right_angle_brackets
    Feature record: CXX_FEATURE:0cxx_rvalue_references
    Feature record: CXX_FEATURE:0cxx_sizeof_member
    Feature record: CXX_FEATURE:0cxx_static_assert
    Feature record: CXX_FEATURE:0cxx_strong_enums
    Feature record: CXX_FEATURE:1cxx_template_template_parameters
    Feature record: CXX_FEATURE:0cxx_thread_local
    Feature record: CXX_FEATURE:0cxx_trailing_return_types
    Feature record: CXX_FEATURE:0cxx_unicode_literals
    Feature record: CXX_FEATURE:0cxx_uniform_initialization
    Feature record: CXX_FEATURE:0cxx_unrestricted_unions
    Feature record: CXX_FEATURE:0cxx_user_literals
    Feature record: CXX_FEATURE:0cxx_variable_templates
    Feature record: CXX_FEATURE:0cxx_variadic_macros
    Feature record: CXX_FEATURE:0cxx_variadic_templates
